# JRE version: Java(TM) SE Runtime Environment (8.0_241-b07) (build 1.8.0_241-b07)
# Java VM: Java HotSpot(TM) 64-Bit Server VM (25.241-b07 mixed mode windows-amd64 compressed oops)
Heap:
 PSYoungGen      total 134144K, used 42203K [0x00000000ebb00000, 0x00000000f5000000, 0x0000000100000000)
  eden space 123392K, 26% used [0x00000000ebb00000,0x00000000eda85d78,0x00000000f3380000)
  from space 10752K, 92% used [0x00000000f4080000,0x00000000f4a31138,0x00000000f4b00000)
  to   space 13312K, 0% used [0x00000000f3380000,0x00000000f3380000,0x00000000f4080000)
 ParOldGen       total 40448K, used 14702K [0x00000000c3000000, 0x00000000c5780000, 0x00000000ebb00000)
  object space 40448K, 36% used [0x00000000c3000000,0x00000000c3e5bb90,0x00000000c5780000)
 Metaspace       used 29985K, capacity 30514K, committed 31104K, reserved 1077248K
  class space    used 3699K, capacity 3867K, committed 3968K, reserved 1048576K
GC Heap History (10 events):
Event: 4.943 GC heap before
{Heap before GC invocations=7 (full 0):
 PSYoungGen      total 70656K, used 69067K [0x00000000ebb00000, 0x00000000f0900000, 0x0000000100000000)
  eden space 62976K, 100% used [0x00000000ebb00000,0x00000000ef880000,0x00000000ef880000)
  from space 7680K, 79% used [0x00000000f0080000,0x00000000f0672dc8,0x00000000f0800000)
  to   space 8192K, 0% used [0x00000000ef880000,0x00000000ef880000,0x00000000f0080000)
 ParOldGen       total 42496K, used 10235K [0x00000000c3000000, 0x00000000c5980000, 0x00000000ebb00000)
  object space 42496K, 24% used [0x00000000c3000000,0x00000000c39fedb0,0x00000000c5980000)
 Metaspace       used 17205K, capacity 17594K, committed 17792K, reserved 1064960K
  class space    used 2002K, capacity 2121K, committed 2176K, reserved 1048576K
Event: 4.973 GC heap after
Heap after GC invocations=7 (full 0):
 PSYoungGen      total 71168K, used 8192K [0x00000000ebb00000, 0x00000000f4b00000, 0x0000000100000000)
  eden space 62976K, 0% used [0x00000000ebb00000,0x00000000ebb00000,0x00000000ef880000)
  from space 8192K, 100% used [0x00000000ef880000,0x00000000f0080000,0x00000000f0080000)
  to   space 10752K, 0% used [0x00000000f4080000,0x00000000f4080000,0x00000000f4b00000)
 ParOldGen       total 42496K, used 12553K [0x00000000c3000000, 0x00000000c5980000, 0x00000000ebb00000)
  object space 42496K, 29% used [0x00000000c3000000,0x00000000c3c424e8,0x00000000c5980000)
 Metaspace       used 17205K, capacity 17594K, committed 17792K, reserved 1064960K
  class space    used 2002K, capacity 2121K, committed 2176K, reserved 1048576K
}
Event: 6.881 GC heap before
{Heap before GC invocations=8 (full 0):
 PSYoungGen      total 71168K, used 71168K [0x00000000ebb00000, 0x00000000f4b00000, 0x0000000100000000)
  eden space 62976K, 100% used [0x00000000ebb00000,0x00000000ef880000,0x00000000ef880000)
  from space 8192K, 100% used [0x00000000ef880000,0x00000000f0080000,0x00000000f0080000)
  to   space 10752K, 0% used [0x00000000f4080000,0x00000000f4080000,0x00000000f4b00000)
 ParOldGen       total 42496K, used 12553K [0x00000000c3000000, 0x00000000c5980000, 0x00000000ebb00000)
  object space 42496K, 29% used [0x00000000c3000000,0x00000000c3c424e8,0x00000000c5980000)
 Metaspace       used 19758K, capacity 20270K, committed 20480K, reserved 1067008K
  class space    used 2354K, capacity 2501K, committed 2560K, reserved 1048576K
Event: 6.908 GC heap after
Heap after GC invocations=8 (full 0):
 PSYoungGen      total 134144K, used 10748K [0x00000000ebb00000, 0x00000000f5000000, 0x0000000100000000)
  eden space 123392K, 0% used [0x00000000ebb00000,0x00000000ebb00000,0x00000000f3380000)
  from space 10752K, 99% used [0x00000000f4080000,0x00000000f4aff348,0x00000000f4b00000)
  to   space 13312K, 0% used [0x00000000f3380000,0x00000000f3380000,0x00000000f4080000)
 ParOldGen       total 42496K, used 15576K [0x00000000c3000000, 0x00000000c5980000, 0x00000000ebb00000)
  object space 42496K, 36% used [0x00000000c3000000,0x00000000c3f36378,0x00000000c5980000)
 Metaspace       used 19758K, capacity 20270K, committed 20480K, reserved 1067008K
  class space    used 2354K, capacity 2501K, committed 2560K, reserved 1048576K
}
Event: 7.060 GC heap before
{Heap before GC invocations=9 (full 0):
 PSYoungGen      total 134144K, used 14157K [0x00000000ebb00000, 0x00000000f5000000, 0x0000000100000000)
  eden space 123392K, 2% used [0x00000000ebb00000,0x00000000ebe54298,0x00000000f3380000)
  from space 10752K, 99% used [0x00000000f4080000,0x00000000f4aff348,0x00000000f4b00000)
  to   space 13312K, 0% used [0x00000000f3380000,0x00000000f3380000,0x00000000f4080000)
 ParOldGen       total 42496K, used 15576K [0x00000000c3000000, 0x00000000c5980000, 0x00000000ebb00000)
  object space 42496K, 36% used [0x00000000c3000000,0x00000000c3f36378,0x00000000c5980000)
 Metaspace       used 20556K, capacity 21038K, committed 21296K, reserved 1069056K
  class space    used 2452K, capacity 2629K, committed 2688K, reserved 1048576K
Event: 7.078 GC heap after
Heap after GC invocations=9 (full 0):
 PSYoungGen      total 136704K, used 6641K [0x00000000ebb00000, 0x00000000f5000000, 0x0000000100000000)
  eden space 123392K, 0% used [0x00000000ebb00000,0x00000000ebb00000,0x00000000f3380000)
  from space 13312K, 49% used [0x00000000f3380000,0x00000000f39fc440,0x00000000f4080000)
  to   space 10752K, 0% used [0x00000000f4080000,0x00000000f4080000,0x00000000f4b00000)
 ParOldGen       total 42496K, used 19632K [0x00000000c3000000, 0x00000000c5980000, 0x00000000ebb00000)
  object space 42496K, 46% used [0x00000000c3000000,0x00000000c432c378,0x00000000c5980000)
 Metaspace       used 20556K, capacity 21038K, committed 21296K, reserved 1069056K
  class space    used 2452K, capacity 2629K, committed 2688K, reserved 1048576K
}
Event: 7.078 GC heap before
{Heap before GC invocations=10 (full 1):
 PSYoungGen      total 136704K, used 6641K [0x00000000ebb00000, 0x00000000f5000000, 0x0000000100000000)
  eden space 123392K, 0% used [0x00000000ebb00000,0x00000000ebb00000,0x00000000f3380000)
  from space 13312K, 49% used [0x00000000f3380000,0x00000000f39fc440,0x00000000f4080000)
  to   space 10752K, 0% used [0x00000000f4080000,0x00000000f4080000,0x00000000f4b00000)
 ParOldGen       total 42496K, used 19632K [0x00000000c3000000, 0x00000000c5980000, 0x00000000ebb00000)
  object space 42496K, 46% used [0x00000000c3000000,0x00000000c432c378,0x00000000c5980000)
 Metaspace       used 20556K, capacity 21038K, committed 21296K, reserved 1069056K
  class space    used 2452K, capacity 2629K, committed 2688K, reserved 1048576K
Event: 7.164 GC heap after
Heap after GC invocations=10 (full 1):
 PSYoungGen      total 136704K, used 0K [0x00000000ebb00000, 0x00000000f5000000, 0x0000000100000000)
  eden space 123392K, 0% used [0x00000000ebb00000,0x00000000ebb00000,0x00000000f3380000)
  from space 13312K, 0% used [0x00000000f3380000,0x00000000f3380000,0x00000000f4080000)
  to   space 10752K, 0% used [0x00000000f4080000,0x00000000f4080000,0x00000000f4b00000)
 ParOldGen       total 40448K, used 14630K [0x00000000c3000000, 0x00000000c5780000, 0x00000000ebb00000)
  object space 40448K, 36% used [0x00000000c3000000,0x00000000c3e49b80,0x00000000c5780000)
 Metaspace       used 20556K, capacity 21038K, committed 21296K, reserved 1069056K
  class space    used 2452K, capacity 2629K, committed 2688K, reserved 1048576K
}
Event: 9.516 GC heap before
{Heap before GC invocations=11 (full 1):
 PSYoungGen      total 136704K, used 123392K [0x00000000ebb00000, 0x00000000f5000000, 0x0000000100000000)
  eden space 123392K, 100% used [0x00000000ebb00000,0x00000000f3380000,0x00000000f3380000)
  from space 13312K, 0% used [0x00000000f3380000,0x00000000f3380000,0x00000000f4080000)
  to   space 10752K, 0% used [0x00000000f4080000,0x00000000f4080000,0x00000000f4b00000)
 ParOldGen       total 40448K, used 14630K [0x00000000c3000000, 0x00000000c5780000, 0x00000000ebb00000)
  object space 40448K, 36% used [0x00000000c3000000,0x00000000c3e49b80,0x00000000c5780000)
 Metaspace       used 28063K, capacity 28608K, committed 29056K, reserved 1075200K
  class space    used 3470K, capacity 3640K, committed 3712K, reserved 1048576K
Event: 9.529 GC heap after
Heap after GC invocations=11 (full 1):
 PSYoungGen      total 134144K, used 9924K [0x00000000ebb00000, 0x00000000f5000000, 0x0000000100000000)
  eden space 123392K, 0% used [0x00000000ebb00000,0x00000000ebb00000,0x00000000f3380000)
  from space 10752K, 92% used [0x00000000f4080000,0x00000000f4a31138,0x00000000f4b00000)
  to   space 13312K, 0% used [0x00000000f3380000,0x00000000f3380000,0x00000000f4080000)
 ParOldGen       total 40448K, used 14702K [0x00000000c3000000, 0x00000000c5780000, 0x00000000ebb00000)
  object space 40448K, 36% used [0x00000000c3000000,0x00000000c3e5bb90,0x00000000c5780000)
 Metaspace       used 28063K, capacity 28608K, committed 29056K, reserved 1075200K
  class space    used 3470K, capacity 3640K, committed 3712K, reserved 1048576K
}

