# JRE version: Java(TM) SE Runtime Environment (8.0_241-b07) (build 1.8.0_241-b07)
# Java VM: Java HotSpot(TM) 64-Bit Server VM (25.241-b07 mixed mode windows-amd64 compressed oops)
Heap:
 PSYoungGen      total 115200K, used 13870K [0x00000000ebb00000, 0x00000000f3880000, 0x0000000100000000)
  eden space 101888K, 13% used [0x00000000ebb00000,0x00000000ec88ba58,0x00000000f1e80000)
  from space 13312K, 0% used [0x00000000f1e80000,0x00000000f1e80000,0x00000000f2b80000)
  to   space 8192K, 0% used [0x00000000f2e80000,0x00000000f2e80000,0x00000000f3680000)
 ParOldGen       total 60416K, used 22590K [0x00000000c3000000, 0x00000000c6b00000, 0x00000000ebb00000)
  object space 60416K, 37% used [0x00000000c3000000,0x00000000c460fb58,0x00000000c6b00000)
 Metaspace       used 34764K, capacity 35482K, committed 36136K, reserved 1083392K
  class space    used 4194K, capacity 4405K, committed 4528K, reserved 1048576K
GC Heap History (10 events):
Event: 40.202 GC heap before
{Heap before GC invocations=11 (full 1):
 PSYoungGen      total 71168K, used 68956K [0x00000000ebb00000, 0x00000000f4100000, 0x0000000100000000)
  eden space 62976K, 99% used [0x00000000ebb00000,0x00000000ef87ffa8,0x00000000ef880000)
  from space 8192K, 73% used [0x00000000ef880000,0x00000000efe57398,0x00000000f0080000)
  to   space 11264K, 0% used [0x00000000f3600000,0x00000000f3600000,0x00000000f4100000)
 ParOldGen       total 42496K, used 14048K [0x00000000c3000000, 0x00000000c5980000, 0x00000000ebb00000)
  object space 42496K, 33% used [0x00000000c3000000,0x00000000c3db83a8,0x00000000c5980000)
 Metaspace       used 24553K, capacity 25056K, committed 25520K, reserved 1073152K
  class space    used 2774K, capacity 2952K, committed 2992K, reserved 1048576K
Event: 40.210 GC heap after
Heap after GC invocations=11 (full 1):
 PSYoungGen      total 78848K, used 4577K [0x00000000ebb00000, 0x00000000f3a80000, 0x0000000100000000)
  eden space 74240K, 0% used [0x00000000ebb00000,0x00000000ebb00000,0x00000000f0380000)
  from space 4608K, 99% used [0x00000000f3600000,0x00000000f3a78648,0x00000000f3a80000)
  to   space 10752K, 0% used [0x00000000f2580000,0x00000000f2580000,0x00000000f3000000)
 ParOldGen       total 42496K, used 14056K [0x00000000c3000000, 0x00000000c5980000, 0x00000000ebb00000)
  object space 42496K, 33% used [0x00000000c3000000,0x00000000c3dba3a8,0x00000000c5980000)
 Metaspace       used 24553K, capacity 25056K, committed 25520K, reserved 1073152K
  class space    used 2774K, capacity 2952K, committed 2992K, reserved 1048576K
}
Event: 50.892 GC heap before
{Heap before GC invocations=12 (full 1):
 PSYoungGen      total 78848K, used 78817K [0x00000000ebb00000, 0x00000000f3a80000, 0x0000000100000000)
  eden space 74240K, 100% used [0x00000000ebb00000,0x00000000f0380000,0x00000000f0380000)
  from space 4608K, 99% used [0x00000000f3600000,0x00000000f3a78648,0x00000000f3a80000)
  to   space 10752K, 0% used [0x00000000f2580000,0x00000000f2580000,0x00000000f3000000)
 ParOldGen       total 42496K, used 14056K [0x00000000c3000000, 0x00000000c5980000, 0x00000000ebb00000)
  object space 42496K, 33% used [0x00000000c3000000,0x00000000c3dba3a8,0x00000000c5980000)
 Metaspace       used 28460K, capacity 29146K, committed 29744K, reserved 1077248K
  class space    used 3336K, capacity 3525K, committed 3632K, reserved 1048576K
Event: 50.913 GC heap after
Heap after GC invocations=12 (full 1):
 PSYoungGen      total 94720K, used 9093K [0x00000000ebb00000, 0x00000000f3680000, 0x0000000100000000)
  eden space 85504K, 0% used [0x00000000ebb00000,0x00000000ebb00000,0x00000000f0e80000)
  from space 9216K, 98% used [0x00000000f2580000,0x00000000f2e61750,0x00000000f2e80000)
  to   space 8192K, 0% used [0x00000000f2e80000,0x00000000f2e80000,0x00000000f3680000)
 ParOldGen       total 42496K, used 14064K [0x00000000c3000000, 0x00000000c5980000, 0x00000000ebb00000)
  object space 42496K, 33% used [0x00000000c3000000,0x00000000c3dbc3a8,0x00000000c5980000)
 Metaspace       used 28460K, capacity 29146K, committed 29744K, reserved 1077248K
  class space    used 3336K, capacity 3525K, committed 3632K, reserved 1048576K
}
Event: 52.918 GC heap before
{Heap before GC invocations=13 (full 1):
 PSYoungGen      total 94720K, used 94597K [0x00000000ebb00000, 0x00000000f3680000, 0x0000000100000000)
  eden space 85504K, 100% used [0x00000000ebb00000,0x00000000f0e80000,0x00000000f0e80000)
  from space 9216K, 98% used [0x00000000f2580000,0x00000000f2e61750,0x00000000f2e80000)
  to   space 8192K, 0% used [0x00000000f2e80000,0x00000000f2e80000,0x00000000f3680000)
 ParOldGen       total 42496K, used 14064K [0x00000000c3000000, 0x00000000c5980000, 0x00000000ebb00000)
  object space 42496K, 33% used [0x00000000c3000000,0x00000000c3dbc3a8,0x00000000c5980000)
 Metaspace       used 33594K, capacity 34350K, committed 34736K, reserved 1081344K
  class space    used 4030K, capacity 4243K, committed 4272K, reserved 1048576K
Event: 52.948 GC heap after
Heap after GC invocations=13 (full 1):
 PSYoungGen      total 110080K, used 8177K [0x00000000ebb00000, 0x00000000f3880000, 0x0000000100000000)
  eden space 101888K, 0% used [0x00000000ebb00000,0x00000000ebb00000,0x00000000f1e80000)
  from space 8192K, 99% used [0x00000000f2e80000,0x00000000f367c668,0x00000000f3680000)
  to   space 13312K, 0% used [0x00000000f1e80000,0x00000000f1e80000,0x00000000f2b80000)
 ParOldGen       total 42496K, used 18095K [0x00000000c3000000, 0x00000000c5980000, 0x00000000ebb00000)
  object space 42496K, 42% used [0x00000000c3000000,0x00000000c41abe70,0x00000000c5980000)
 Metaspace       used 33594K, capacity 34350K, committed 34736K, reserved 1081344K
  class space    used 4030K, capacity 4243K, committed 4272K, reserved 1048576K
}
Event: 53.348 GC heap before
{Heap before GC invocations=14 (full 1):
 PSYoungGen      total 110080K, used 26265K [0x00000000ebb00000, 0x00000000f3880000, 0x0000000100000000)
  eden space 101888K, 17% used [0x00000000ebb00000,0x00000000eccaa018,0x00000000f1e80000)
  from space 8192K, 99% used [0x00000000f2e80000,0x00000000f367c668,0x00000000f3680000)
  to   space 13312K, 0% used [0x00000000f1e80000,0x00000000f1e80000,0x00000000f2b80000)
 ParOldGen       total 42496K, used 18095K [0x00000000c3000000, 0x00000000c5980000, 0x00000000ebb00000)
  object space 42496K, 42% used [0x00000000c3000000,0x00000000c41abe70,0x00000000c5980000)
 Metaspace       used 34329K, capacity 35034K, committed 35496K, reserved 1083392K
  class space    used 4125K, capacity 4341K, committed 4400K, reserved 1048576K
Event: 53.385 GC heap after
Heap after GC invocations=14 (full 1):
 PSYoungGen      total 115200K, used 9179K [0x00000000ebb00000, 0x00000000f3880000, 0x0000000100000000)
  eden space 101888K, 0% used [0x00000000ebb00000,0x00000000ebb00000,0x00000000f1e80000)
  from space 13312K, 68% used [0x00000000f1e80000,0x00000000f2776c50,0x00000000f2b80000)
  to   space 8192K, 0% used [0x00000000f2e80000,0x00000000f2e80000,0x00000000f3680000)
 ParOldGen       total 42496K, used 18167K [0x00000000c3000000, 0x00000000c5980000, 0x00000000ebb00000)
  object space 42496K, 42% used [0x00000000c3000000,0x00000000c41bde80,0x00000000c5980000)
 Metaspace       used 34329K, capacity 35034K, committed 35496K, reserved 1083392K
  class space    used 4125K, capacity 4341K, committed 4400K, reserved 1048576K
}
Event: 53.385 GC heap before
{Heap before GC invocations=15 (full 2):
 PSYoungGen      total 115200K, used 9179K [0x00000000ebb00000, 0x00000000f3880000, 0x0000000100000000)
  eden space 101888K, 0% used [0x00000000ebb00000,0x00000000ebb00000,0x00000000f1e80000)
  from space 13312K, 68% used [0x00000000f1e80000,0x00000000f2776c50,0x00000000f2b80000)
  to   space 8192K, 0% used [0x00000000f2e80000,0x00000000f2e80000,0x00000000f3680000)
 ParOldGen       total 42496K, used 18167K [0x00000000c3000000, 0x00000000c5980000, 0x00000000ebb00000)
  object space 42496K, 42% used [0x00000000c3000000,0x00000000c41bde80,0x00000000c5980000)
 Metaspace       used 34329K, capacity 35034K, committed 35496K, reserved 1083392K
  class space    used 4125K, capacity 4341K, committed 4400K, reserved 1048576K
Event: 53.491 GC heap after
Heap after GC invocations=15 (full 2):
 PSYoungGen      total 115200K, used 0K [0x00000000ebb00000, 0x00000000f3880000, 0x0000000100000000)
  eden space 101888K, 0% used [0x00000000ebb00000,0x00000000ebb00000,0x00000000f1e80000)
  from space 13312K, 0% used [0x00000000f1e80000,0x00000000f1e80000,0x00000000f2b80000)
  to   space 8192K, 0% used [0x00000000f2e80000,0x00000000f2e80000,0x00000000f3680000)
 ParOldGen       total 60416K, used 22590K [0x00000000c3000000, 0x00000000c6b00000, 0x00000000ebb00000)
  object space 60416K, 37% used [0x00000000c3000000,0x00000000c460fb58,0x00000000c6b00000)
 Metaspace       used 34329K, capacity 35034K, committed 35496K, reserved 1083392K
  class space    used 4125K, capacity 4341K, committed 4400K, reserved 1048576K
}

